<?xml version="1.0" encoding="UTF-8"?>
<testng-results skipped="0" failed="0" ignored="0" total="1" passed="1">
  <reporter-output>
  </reporter-output>
  <suite name="Default suite" duration-ms="25512" started-at="2020-07-15T17:37:06 IST" finished-at="2020-07-15T17:37:32 IST">
    <groups>
    </groups>
    <test name="Default test" duration-ms="25512" started-at="2020-07-15T17:37:06 IST" finished-at="2020-07-15T17:37:32 IST">
      <class name="comparePDF.ComparePDFcontent">
        <test-method status="PASS" signature="ReadPDF()[pri:0, instance:comparePDF.ComparePDFcontent@131276c2]" name="ReadPDF" duration-ms="25418" started-at="2020-07-15T17:37:06 IST" finished-at="2020-07-15T17:37:32 IST">
          <reporter-output>
          </reporter-output>
        </test-method> <!-- ReadPDF -->
      </class> <!-- comparePDF.ComparePDFcontent -->
    </test> <!-- Default test -->
  </suite> <!-- Default suite -->
</testng-results>
